
========== P2G TAYLOR-GREEN CONVERGENCE ==========
  box=(6.283185307179586, 6.283185307179586)  ppc=16  seeding_mode=gauss_legendre  rng_seed=42  nq_extra=2

--- p=2  nel=32 ---
  nel=32 h=0.19635  L2=6.4158e-03  rel_L2=1.4441e-03  LSQR_resid_rel=1.44e-03  (build_B=1.33s solve=0.35s)

--- p=2  nel=48 ---
  nel=48 h=0.13090  L2=2.8435e-03  rel_L2=6.4001e-04  LSQR_resid_rel=6.40e-04  (build_B=0.06s solve=0.00s)

--- p=2  nel=64 ---
  nel=64 h=0.09817  L2=1.5979e-03  rel_L2=3.5965e-04  LSQR_resid_rel=3.60e-04  (build_B=0.11s solve=0.01s)

--- p=2  nel=96 ---
  nel=96 h=0.06545  L2=7.0968e-04  rel_L2=1.5973e-04  LSQR_resid_rel=1.60e-04  (build_B=0.23s solve=0.04s)

--- p=2  nel=128 ---
  nel=128 h=0.04909  L2=3.9909e-04  rel_L2=8.9828e-05  LSQR_resid_rel=8.98e-05  (build_B=0.47s solve=0.07s)

--- p=3  nel=32 ---
  nel=32 h=0.19635  L2=2.6892e-04  rel_L2=6.0528e-05  LSQR_resid_rel=4.33e-05  (build_B=0.05s solve=0.01s)

--- p=3  nel=48 ---
  nel=48 h=0.13090  L2=8.0428e-05  rel_L2=1.8103e-05  LSQR_resid_rel=1.29e-05  (build_B=0.09s solve=0.04s)

--- p=3  nel=64 ---
  nel=64 h=0.09817  L2=3.4043e-05  rel_L2=7.6624e-06  LSQR_resid_rel=5.43e-06  (build_B=0.14s solve=0.09s)

--- p=3  nel=96 ---
  nel=96 h=0.06545  L2=1.0111e-05  rel_L2=2.2757e-06  LSQR_resid_rel=1.61e-06  (build_B=0.40s solve=0.23s)

--- p=3  nel=128 ---
  nel=128 h=0.04909  L2=4.2691e-06  rel_L2=9.6088e-07  LSQR_resid_rel=6.80e-07  (build_B=0.62s solve=0.62s)

========== OBSERVED CONVERGENCE ORDERS ==========

  p=2  (expected order 2)
  nel    h           L2_err       ratio    order     lsqr_res  
  32     1.96350e-01  6.4158e-03   —        —         1.44e-03  
  48     1.30900e-01  2.8435e-03   2.256    2.007     6.40e-04  
  64     9.81748e-02  1.5979e-03   1.780    2.003     3.60e-04  
  96     6.54498e-02  7.0968e-04   2.252    2.002     1.60e-04  
  128    4.90874e-02  3.9909e-04   1.778    2.001     8.98e-05  

  p=3  (expected order 3)
  nel    h           L2_err       ratio    order     lsqr_res  
  32     1.96350e-01  2.6892e-04   —        —         4.33e-05  
  48     1.30900e-01  8.0428e-05   3.344    2.977     1.29e-05  
  64     9.81748e-02  3.4043e-05   2.363    2.989     5.43e-06  
  96     6.54498e-02  1.0111e-05   3.367    2.994     1.61e-06  
  128    4.90874e-02  4.2691e-06   2.368    2.997     6.80e-07  

Saved per-run CSV: C:\Users\opele\Mantis-CO-FLIP.jl\p2g_tg_convergence_gl\p2g_tg_convergence.csv
Saved log-log plot: C:\Users\opele\Mantis-CO-FLIP.jl\p2g_tg_convergence_gl\p2g_tg_convergence.png
